2022-08-14 19:06:07:076 [Appium] Welcome to Appium v1.22.3
2022-08-14 19:06:07:078 [Appium] Non-default server args:
2022-08-14 19:06:07:079 [Appium]   port: 24892
2022-08-14 19:06:07:079 [Appium]   sessionOverride: true
2022-08-14 19:06:07:079 [Appium]   logFile: C:\Users\ram.pudi\appium-cucumberbdd-master\Android_Android SDK_built_x86\Server.log
2022-08-14 19:06:07:130 [Appium] Appium REST http interface listener started on 0.0.0.0:24892
2022-08-14 19:06:07:932 [HTTP] --> GET /wd/hub/status
2022-08-14 19:06:07:933 [HTTP] {}
2022-08-14 19:06:07:935 [GENERIC] Calling AppiumDriver.getStatus() with args: []
2022-08-14 19:06:07:937 [GENERIC] Responding to client with driver.getStatus() result: {"build":{"version":"1.22.3"}}
2022-08-14 19:06:07:945 [HTTP] <-- GET /wd/hub/status 200 10 ms - 68
2022-08-14 19:06:07:946 [HTTP] 
2022-08-14 19:06:07:956 [HTTP] --> GET /wd/hub/status
2022-08-14 19:06:07:957 [HTTP] {}
2022-08-14 19:06:07:957 [GENERIC] Calling AppiumDriver.getStatus() with args: []
2022-08-14 19:06:07:958 [GENERIC] Responding to client with driver.getStatus() result: {"build":{"version":"1.22.3"}}
2022-08-14 19:06:07:960 [HTTP] <-- GET /wd/hub/status 200 3 ms - 68
2022-08-14 19:06:07:960 [HTTP] 
2022-08-14 19:06:08:763 [HTTP] Request idempotency key: 585082df-ea67-4946-b5bb-05dd3e8cae26
2022-08-14 19:06:08:796 [HTTP] --> POST /wd/hub/session
2022-08-14 19:06:08:797 [HTTP] {"desiredCapabilities":{"app":"C:\\Users\\ram.pudi\\appium-cucumberbdd-master\\src\\test\\resources\\apps\\app-release.apk","appActivity":"com.eo.eoapp2.MainActivity","appPackage":"com.eo.eoapp2","platformVersion":"Android","automationName":"UiAutomator2","autoGrantPermissions":"true","platformName":"Android","udid":"emulator-5554","deviceName":"Android SDK_built_x86","systemPort":"1200"},"capabilities":{"firstMatch":[{"appium:app":"C:\\Users\\ram.pudi\\appium-cucumberbdd-master\\src\\test\\resources\\apps\\app-release.apk","appium:appActivity":"com.eo.eoapp2.MainActivity","appium:appPackage":"com.eo.eoapp2","appium:autoGrantPermissions":"true","appium:automationName":"UiAutomator2","appium:deviceName":"Android SDK_built_x86","platformName":"android","appium:platformVersion":"Android","appium:systemPort":"1200","appium:udid":"emulator-5554"}]}}
2022-08-14 19:06:08:798 [W3C] Calling AppiumDriver.createSession() with args: [{"app":"C:\\Users\\ram.pudi\\appium-cucumberbdd-master\\src\\test\\resources\\apps\\app-release.apk","appActivity":"com.eo.eoapp2.MainActivity","appPackage":"com.eo.eoapp2","platformVersion":"Android","automationName":"UiAutomator2","autoGrantPermissions":"true","platformName":"Android","udid":"emulator-5554","deviceName":"Android SDK_built_x86","systemPort":"1200"},null,{"firstMatch":[{"appium:app":"C:\\Users\\ram.pudi\\appium-cucumberbdd-master\\src\\test\\resources\\apps\\app-release.apk","appium:appActivity":"com.eo.eoapp2.MainActivity","appium:appPackage":"com.eo.eoapp2","appium:autoGrantPermissions":"true","appium:automationName":"UiAutomator2","appium:deviceName":"Android SDK_built_x86","platformName":"android","appium:platformVersion":"Android","appium:systemPort":"1200","appium:udid":"emulator-5554"}]}]
2022-08-14 19:06:08:799 [BaseDriver] Event 'newSessionRequested' logged at 1660503968798 (20:06:08 GMT+0100 (British Summer Time))
2022-08-14 19:06:09:492 [Appium] Appium v1.22.3 creating new AndroidUiautomator2Driver (v1.70.1) session
2022-08-14 19:06:09:493 [Appium] There are no active sessions for cleanup
2022-08-14 19:06:09:497 [BaseDriver] W3C capabilities and MJSONWP desired capabilities were provided
2022-08-14 19:06:09:498 [BaseDriver] Creating session with W3C capabilities: {
2022-08-14 19:06:09:498 [BaseDriver]   "alwaysMatch": {
2022-08-14 19:06:09:498 [BaseDriver]     "platformName": "android",
2022-08-14 19:06:09:498 [BaseDriver]     "appium:app": "C:\\Users\\ram.pudi\\appium-cucumberbdd-master\\src\\test\\resources\\apps\\app-release.apk",
2022-08-14 19:06:09:498 [BaseDriver]     "appium:appActivity": "com.eo.eoapp2.MainActivity",
2022-08-14 19:06:09:499 [BaseDriver]     "appium:appPackage": "com.eo.eoapp2",
2022-08-14 19:06:09:499 [BaseDriver]     "appium:autoGrantPermissions": "true",
2022-08-14 19:06:09:499 [BaseDriver]     "appium:automationName": "UiAutomator2",
2022-08-14 19:06:09:500 [BaseDriver]     "appium:deviceName": "Android SDK_built_x86",
2022-08-14 19:06:09:500 [BaseDriver]     "appium:platformVersion": "Android",
2022-08-14 19:06:09:500 [BaseDriver]     "appium:systemPort": "1200",
2022-08-14 19:06:09:500 [BaseDriver]     "appium:udid": "emulator-5554"
2022-08-14 19:06:09:500 [BaseDriver]   },
2022-08-14 19:06:09:500 [BaseDriver]   "firstMatch": [
2022-08-14 19:06:09:500 [BaseDriver]     {}
2022-08-14 19:06:09:501 [BaseDriver]   ]
2022-08-14 19:06:09:501 [BaseDriver] }
2022-08-14 19:06:09:503 [BaseDriver] Number capability passed in as string. Functionality may be compromised.
2022-08-14 19:06:09:508 [BaseDriver] Capability 'autoGrantPermissions' changed from string to boolean. This may cause unexpected behavior
2022-08-14 19:06:09:508 [BaseDriver] Capability 'systemPort' changed from string ('1200') to integer (1200). This may cause unexpected behavior
2022-08-14 19:06:09:513 [BaseDriver] Session created with session id: 5c213adc-9110-4734-8092-f623e7f53a80
2022-08-14 19:06:09:519 [BaseDriver] Using local app 'C:\Users\ram.pudi\appium-cucumberbdd-master\src\test\resources\apps\app-release.apk'
2022-08-14 19:06:09:519 [UiAutomator2] Checking whether app is actually present
2022-08-14 19:06:09:562 [ADB] Found 2 'build-tools' folders under 'C:\Users\ram.pudi\AppData\Local\Android\sdk' (newest first):
2022-08-14 19:06:09:562 [ADB]     C:/Users/ram.pudi/AppData/Local/Android/sdk/build-tools/33.0.0
2022-08-14 19:06:09:562 [ADB]     C:/Users/ram.pudi/AppData/Local/Android/sdk/build-tools/30.0.3
2022-08-14 19:06:09:563 [ADB] Using 'adb.exe' from 'C:\Users\ram.pudi\AppData\Local\Android\sdk\platform-tools\adb.exe'
2022-08-14 19:06:09:564 [ADB] Running 'C:\Users\ram.pudi\AppData\Local\Android\sdk\platform-tools\adb.exe -P 5037 start-server'
2022-08-14 19:06:09:652 [AndroidDriver] Retrieving device list
2022-08-14 19:06:09:653 [ADB] Trying to find a connected android device
2022-08-14 19:06:09:653 [ADB] Getting connected devices
2022-08-14 19:06:09:694 [ADB] Connected devices: [{"udid":"emulator-5554","state":"device"},{"udid":"emulator-5556","state":"device"}]
2022-08-14 19:06:09:694 [AndroidDriver] Using device: emulator-5554
2022-08-14 19:06:09:696 [ADB] Using 'adb.exe' from 'C:\Users\ram.pudi\AppData\Local\Android\sdk\platform-tools\adb.exe'
2022-08-14 19:06:09:697 [ADB] Running 'C:\Users\ram.pudi\AppData\Local\Android\sdk\platform-tools\adb.exe -P 5037 start-server'
2022-08-14 19:06:09:758 [ADB] Setting device id to emulator-5554
2022-08-14 19:06:09:759 [ADB] Running 'C:\Users\ram.pudi\AppData\Local\Android\sdk\platform-tools\adb.exe -P 5037 -s emulator-5554 shell getprop ro.build.version.sdk'
2022-08-14 19:06:09:835 [ADB] Current device property 'ro.build.version.sdk': 29
2022-08-14 19:06:09:835 [ADB] Getting device platform version
2022-08-14 19:06:09:835 [ADB] Running 'C:\Users\ram.pudi\AppData\Local\Android\sdk\platform-tools\adb.exe -P 5037 -s emulator-5554 shell getprop ro.build.version.release'
2022-08-14 19:06:09:893 [ADB] Current device property 'ro.build.version.release': 10
2022-08-14 19:06:09:893 [ADB] Device API level: 29
2022-08-14 19:06:09:894 [UiAutomator2] Relaxing hidden api policy
2022-08-14 19:06:09:894 [ADB] Running 'C:\Users\ram.pudi\AppData\Local\Android\sdk\platform-tools\adb.exe -P 5037 -s emulator-5554 shell 'settings put global hidden_api_policy_pre_p_apps 1;settings put global hidden_api_policy_p_apps 1;settings put global hidden_api_policy 1''
2022-08-14 19:06:10:020 [ADB] Running 'C:\Users\ram.pudi\AppData\Local\Android\sdk\platform-tools\adb.exe -P 5037 -s emulator-5554 wait-for-device'
2022-08-14 19:06:10:082 [ADB] Running 'C:\Users\ram.pudi\AppData\Local\Android\sdk\platform-tools\adb.exe -P 5037 -s emulator-5554 shell echo ping'
2022-08-14 19:06:10:132 [AndroidDriver] Pushing settings apk to device...
2022-08-14 19:06:10:133 [ADB] Getting install status for io.appium.settings
2022-08-14 19:06:10:133 [ADB] Running 'C:\Users\ram.pudi\AppData\Local\Android\sdk\platform-tools\adb.exe -P 5037 -s emulator-5554 shell dumpsys package io.appium.settings'
2022-08-14 19:06:10:220 [ADB] 'io.appium.settings' is installed
2022-08-14 19:06:10:220 [ADB] Getting package info for 'io.appium.settings'
2022-08-14 19:06:10:221 [ADB] Running 'C:\Users\ram.pudi\AppData\Local\Android\sdk\platform-tools\adb.exe -P 5037 -s emulator-5554 shell dumpsys package io.appium.settings'
2022-08-14 19:06:10:323 [ADB] The version name of the installed 'io.appium.settings' is greater or equal to the application version name ('3.4.0' >= '3.4.0')
2022-08-14 19:06:10:323 [ADB] There is no need to install/upgrade 'C:\Users\ram.pudi\AppData\Roaming\npm\node_modules\appium\node_modules\io.appium.settings\apks\settings_apk-debug.apk'
2022-08-14 19:06:10:324 [ADB] Getting IDs of all 'io.appium.settings' processes
2022-08-14 19:06:10:324 [ADB] Running 'C:\Users\ram.pudi\AppData\Local\Android\sdk\platform-tools\adb.exe -P 5037 -s emulator-5554 shell 'pgrep --help; echo $?''
2022-08-14 19:06:10:405 [ADB] Running 'C:\Users\ram.pudi\AppData\Local\Android\sdk\platform-tools\adb.exe -P 5037 -s emulator-5554 shell pgrep -f \(\[\[:blank:\]\]\|\^\)io\.appium\.settings\(\[\[:blank:\]\]\|\$\)'
2022-08-14 19:06:10:499 [AndroidDriver] io.appium.settings is already running. There is no need to reset its permissions.
2022-08-14 19:06:10:501 [Logcat] Starting logs capture with command: C:\\Users\\ram.pudi\\AppData\\Local\\Android\\sdk\\platform-tools\\adb.exe -P 5037 -s emulator-5554 logcat -v threadtime
2022-08-14 19:06:10:557 [UiAutomator2] Forwarding UiAutomator2 Server port 6790 to local port 1200
2022-08-14 19:06:10:563 [ADB] Forwarding system: 1200 to device: 6790
2022-08-14 19:06:10:563 [ADB] Running 'C:\Users\ram.pudi\AppData\Local\Android\sdk\platform-tools\adb.exe -P 5037 -s emulator-5554 forward tcp:1200 tcp:6790'
2022-08-14 19:06:10:642 [ADB] Getting install status for io.appium.uiautomator2.server
2022-08-14 19:06:10:642 [ADB] Running 'C:\Users\ram.pudi\AppData\Local\Android\sdk\platform-tools\adb.exe -P 5037 -s emulator-5554 shell dumpsys package io.appium.uiautomator2.server'
2022-08-14 19:06:10:744 [ADB] 'io.appium.uiautomator2.server' is installed
2022-08-14 19:06:10:744 [ADB] Getting package info for 'io.appium.uiautomator2.server'
2022-08-14 19:06:10:745 [ADB] Running 'C:\Users\ram.pudi\AppData\Local\Android\sdk\platform-tools\adb.exe -P 5037 -s emulator-5554 shell dumpsys package io.appium.uiautomator2.server'
2022-08-14 19:06:11:228 [ADB] The version name of the installed 'io.appium.uiautomator2.server' is greater or equal to the application version name ('4.27.0' >= '4.27.0')
2022-08-14 19:06:11:228 [UiAutomator2] io.appium.uiautomator2.server installation state: sameVersionInstalled
2022-08-14 19:06:11:229 [ADB] Checking app cert for C:\Users\ram.pudi\AppData\Roaming\npm\node_modules\appium\node_modules\appium-uiautomator2-server\apks\appium-uiautomator2-server-v4.27.0.apk
2022-08-14 19:06:11:278 [ADB] Using 'apksigner.jar' from 'C:\Users\ram.pudi\AppData\Local\Android\sdk\build-tools\33.0.0\lib\apksigner.jar'
2022-08-14 19:06:11:279 [ADB] Starting apksigner: 'C:\\Program Files\\Java\\jdk-15.0.2\\bin\\java.exe' -Xmx1024M -Xss1m -jar C:\\Users\\ram.pudi\\AppData\\Local\\Android\\sdk\\build-tools\\33.0.0\\lib\\apksigner.jar verify --print-certs C:\\Users\\ram.pudi\\AppData\\Roaming\\npm\\node_modules\\appium\\node_modules\\appium-uiautomator2-server\\apks\\appium-uiautomator2-server-v4.27.0.apk
2022-08-14 19:06:12:513 [ADB] apksigner stdout: Signer #1 certificate DN: EMAILADDRESS=android@android.com, CN=Android, OU=Android, O=Android, L=Mountain View, ST=California, C=US
2022-08-14 19:06:12:514 [ADB] Signer #1 certificate SHA-256 digest: a40da80a59d170caa950cf15c18c454d47a39b26989d8b640ecd745ba71bf5dc
2022-08-14 19:06:12:514 [ADB] Signer #1 certificate SHA-1 digest: 61ed377e85d386a8dfee6b864bd85b0bfaa5af81
2022-08-14 19:06:12:514 [ADB] Signer #1 certificate MD5 digest: e89b158e4bcf988ebd09eb83f5378e87
2022-08-14 19:06:12:514 [ADB] 
2022-08-14 19:06:12:515 [ADB] sha256 hash did match for 'appium-uiautomator2-server-v4.27.0.apk'
2022-08-14 19:06:12:515 [ADB] 'C:\Users\ram.pudi\AppData\Roaming\npm\node_modules\appium\node_modules\appium-uiautomator2-server\apks\appium-uiautomator2-server-v4.27.0.apk' is signed with the default certificate
2022-08-14 19:06:12:515 [ADB] Getting install status for io.appium.uiautomator2.server.test
2022-08-14 19:06:12:515 [ADB] Running 'C:\Users\ram.pudi\AppData\Local\Android\sdk\platform-tools\adb.exe -P 5037 -s emulator-5554 shell dumpsys package io.appium.uiautomator2.server.test'
2022-08-14 19:06:12:581 [ADB] 'io.appium.uiautomator2.server.test' is installed
2022-08-14 19:06:12:581 [ADB] Checking app cert for C:\Users\ram.pudi\AppData\Roaming\npm\node_modules\appium\node_modules\appium-uiautomator2-server\apks\appium-uiautomator2-server-debug-androidTest.apk
2022-08-14 19:06:12:587 [ADB] Starting apksigner: 'C:\\Program Files\\Java\\jdk-15.0.2\\bin\\java.exe' -Xmx1024M -Xss1m -jar C:\\Users\\ram.pudi\\AppData\\Local\\Android\\sdk\\build-tools\\33.0.0\\lib\\apksigner.jar verify --print-certs C:\\Users\\ram.pudi\\AppData\\Roaming\\npm\\node_modules\\appium\\node_modules\\appium-uiautomator2-server\\apks\\appium-uiautomator2-server-debug-androidTest.apk
2022-08-14 19:06:13:139 [ADB] apksigner stdout: Signer #1 certificate DN: EMAILADDRESS=android@android.com, CN=Android, OU=Android, O=Android, L=Mountain View, ST=California, C=US
2022-08-14 19:06:13:139 [ADB] Signer #1 certificate SHA-256 digest: a40da80a59d170caa950cf15c18c454d47a39b26989d8b640ecd745ba71bf5dc
2022-08-14 19:06:13:139 [ADB] Signer #1 certificate SHA-1 digest: 61ed377e85d386a8dfee6b864bd85b0bfaa5af81
2022-08-14 19:06:13:139 [ADB] Signer #1 certificate MD5 digest: e89b158e4bcf988ebd09eb83f5378e87
2022-08-14 19:06:13:140 [ADB] 
2022-08-14 19:06:13:140 [ADB] sha256 hash did match for 'appium-uiautomator2-server-debug-androidTest.apk'
2022-08-14 19:06:13:140 [ADB] 'C:\Users\ram.pudi\AppData\Roaming\npm\node_modules\appium\node_modules\appium-uiautomator2-server\apks\appium-uiautomator2-server-debug-androidTest.apk' is signed with the default certificate
2022-08-14 19:06:13:140 [UiAutomator2] Server packages are not going to be (re)installed
2022-08-14 19:06:13:144 [UiAutomator2] Waiting up to 30000ms for services to be available
2022-08-14 19:06:13:145 [ADB] Running 'C:\Users\ram.pudi\AppData\Local\Android\sdk\platform-tools\adb.exe -P 5037 -s emulator-5554 shell pm list instrumentation'
2022-08-14 19:06:13:247 [UiAutomator2] Instrumentation target 'io.appium.uiautomator2.server.test/androidx.test.runner.AndroidJUnitRunner' is available
2022-08-14 19:06:13:250 [ADB] Adding packages ["io.appium.settings","io.appium.uiautomator2.server","io.appium.uiautomator2.server.test"] to Doze whitelist
2022-08-14 19:06:13:251 [ADB] Got the following command chunks to execute: [["dumpsys","deviceidle","whitelist","+io.appium.settings",";","dumpsys","deviceidle","whitelist","+io.appium.uiautomator2.server",";","dumpsys","deviceidle","whitelist","+io.appium.uiautomator2.server.test",";"]]
2022-08-14 19:06:13:251 [ADB] Running 'C:\Users\ram.pudi\AppData\Local\Android\sdk\platform-tools\adb.exe -P 5037 -s emulator-5554 shell dumpsys deviceidle whitelist +io.appium.settings ; dumpsys deviceidle whitelist +io.appium.uiautomator2.server ; dumpsys deviceidle whitelist +io.appium.uiautomator2.server.test ;'
2022-08-14 19:06:13:337 [ADB] Checking app cert for C:\Users\ram.pudi\appium-cucumberbdd-master\src\test\resources\apps\app-release.apk
2022-08-14 19:06:13:465 [ADB] Starting apksigner: 'C:\\Program Files\\Java\\jdk-15.0.2\\bin\\java.exe' -Xmx1024M -Xss1m -jar C:\\Users\\ram.pudi\\AppData\\Local\\Android\\sdk\\build-tools\\33.0.0\\lib\\apksigner.jar verify --print-certs C:\\Users\\ram.pudi\\appium-cucumberbdd-master\\src\\test\\resources\\apps\\app-release.apk
2022-08-14 19:06:14:978 [ADB] apksigner stdout: Signer #1 certificate DN: C=US, O=Android, CN=Android Debug
2022-08-14 19:06:14:978 [ADB] Signer #1 certificate SHA-256 digest: f08a36d99f046f3af9fd58bc0ca0ac957c21704e1d522aff789594735af109dc
2022-08-14 19:06:14:978 [ADB] Signer #1 certificate SHA-1 digest: d6448eb89c59f770245894ded6e0b6b1f8610ede
2022-08-14 19:06:14:978 [ADB] Signer #1 certificate MD5 digest: cc939dd35cd60eb748348613777a47ca
2022-08-14 19:06:14:978 [ADB] 
2022-08-14 19:06:14:979 [ADB] 'C:\Users\ram.pudi\appium-cucumberbdd-master\src\test\resources\apps\app-release.apk' is signed with a non-default certificate
2022-08-14 19:06:14:979 [ADB] Getting install status for com.eo.eoapp2
2022-08-14 19:06:14:980 [ADB] Running 'C:\Users\ram.pudi\AppData\Local\Android\sdk\platform-tools\adb.exe -P 5037 -s emulator-5554 shell dumpsys package com.eo.eoapp2'
2022-08-14 19:06:15:054 [ADB] 'com.eo.eoapp2' is not installed
2022-08-14 19:06:15:054 [ADB] App 'C:\Users\ram.pudi\appium-cucumberbdd-master\src\test\resources\apps\app-release.apk' is not installed
2022-08-14 19:06:15:055 [ADB] Installing 'C:\Users\ram.pudi\appium-cucumberbdd-master\src\test\resources\apps\app-release.apk'
2022-08-14 19:06:15:056 [ADB] Running 'C:\Users\ram.pudi\AppData\Local\Android\sdk\platform-tools\adb.exe -P 5037 -s emulator-5554 help'
2022-08-14 19:06:15:115 [ADB] Running 'C:\Users\ram.pudi\AppData\Local\Android\sdk\platform-tools\adb.exe -P 5037 -s emulator-5554 features'
2022-08-14 19:06:15:158 [ADB] The application at 'C:\Users\ram.pudi\appium-cucumberbdd-master\src\test\resources\apps\app-release.apk' will not be cached, because the device under test has confirmed the support of streamed installs
2022-08-14 19:06:15:158 [ADB] Running 'C:\Users\ram.pudi\AppData\Local\Android\sdk\platform-tools\adb.exe -P 5037 -s emulator-5554 install -g C:\Users\ram.pudi\appium-cucumberbdd-master\src\test\resources\apps\app-release.apk'
2022-08-14 19:06:15:781 [UiAutomator2] Deleting UiAutomator2 session
2022-08-14 19:06:15:782 [UiAutomator2] Deleting UiAutomator2 server session
2022-08-14 19:06:15:784 [WD Proxy] Matched '/' to command name 'deleteSession'
2022-08-14 19:06:15:786 [UiAutomator2] Did not get confirmation UiAutomator2 deleteSession worked; Error was: UnknownError: An unknown server-side error occurred while processing the command. Original error: Trying to proxy a session command without session id
2022-08-14 19:06:15:786 [ADB] Running 'C:\Users\ram.pudi\AppData\Local\Android\sdk\platform-tools\adb.exe -P 5037 -s emulator-5554 shell am force-stop com.eo.eoapp2'
2022-08-14 19:06:15:857 [Logcat] Stopping logcat capture
2022-08-14 19:06:15:874 [ADB] Removing forwarded port socket connection: 1200 
2022-08-14 19:06:15:874 [ADB] Running 'C:\Users\ram.pudi\AppData\Local\Android\sdk\platform-tools\adb.exe -P 5037 -s emulator-5554 forward --remove tcp:1200'
2022-08-14 19:06:15:935 [UiAutomator2] Restoring hidden api policy to the device default configuration
2022-08-14 19:06:15:935 [ADB] Running 'C:\Users\ram.pudi\AppData\Local\Android\sdk\platform-tools\adb.exe -P 5037 -s emulator-5554 shell 'settings delete global hidden_api_policy_pre_p_apps;settings delete global hidden_api_policy_p_apps;settings delete global hidden_api_policy''
2022-08-14 19:06:16:053 [BaseDriver] Event 'newSessionStarted' logged at 1660503976053 (20:06:16 GMT+0100 (British Summer Time))
2022-08-14 19:06:16:053 [W3C] Encountered internal error running command: Error executing adbExec. Original error: 'Command 'C:\\Users\\ram.pudi\\AppData\\Local\\Android\\sdk\\platform-tools\\adb.exe -P 5037 -s emulator-5554 install -g C:\\Users\\ram.pudi\\appium-cucumberbdd-master\\src\\test\\resources\\apps\\app-release.apk' exited with code 1'; Command output: adb: failed to install C:\Users\ram.pudi\appium-cucumberbdd-master\src\test\resources\apps\app-release.apk: Failure [INSTALL_FAILED_NO_MATCHING_ABIS: Failed to extract native libraries, res=-113]
2022-08-14 19:06:16:053 [W3C] 
2022-08-14 19:06:16:053 [W3C] Error: Command 'C:\\Users\\ram.pudi\\AppData\\Local\\Android\\sdk\\platform-tools\\adb.exe -P 5037 -s emulator-5554 install -g C:\\Users\\ram.pudi\\appium-cucumberbdd-master\\src\\test\\resources\\apps\\app-release.apk' exited with code 1
2022-08-14 19:06:16:053 [W3C]     at ChildProcess.<anonymous> (C:\Users\ram.pudi\AppData\Roaming\npm\node_modules\appium\node_modules\teen_process\lib\exec.js:113:19)
2022-08-14 19:06:16:053 [W3C]     at ChildProcess.emit (node:events:527:28)
2022-08-14 19:06:16:054 [W3C]     at maybeClose (node:internal/child_process:1092:16)
2022-08-14 19:06:16:054 [W3C]     at Process.ChildProcess._handle.onexit (node:internal/child_process:302:5)
2022-08-14 19:06:16:101 [HTTP] <-- POST /wd/hub/session 500 7304 ms - 1629
2022-08-14 19:06:16:102 [HTTP] 
